{"/Users/amit.sharma/Documents/untitled folder/front_version1.1/src/App.js": {"path":"/Users/amit.sharma/Documents/untitled folder/front_version1.1/src/App.js","statementMap":{"0":{"start":{"line":9,"column":2},"end":{"line":19,"column":4}}},"fnMap":{"0":{"name":"App","decl":{"start":{"line":8,"column":9},"end":{"line":8,"column":12}},"loc":{"start":{"line":8,"column":15},"end":{"line":20,"column":1}},"line":8}},"branchMap":{},"s":{"0":1},"f":{"0":1},"b":{},"_coverageSchema":"1a1c01bbd47fc00a2c39e90264f33305004495a9","hash":"a615d9b24b0e289af0ca6202c8e3bbfd72584aaf"}
,"/Users/amit.sharma/Documents/untitled folder/front_version1.1/src/index.js": {"path":"/Users/amit.sharma/Documents/untitled folder/front_version1.1/src/index.js","statementMap":{"0":{"start":{"line":7,"column":0},"end":{"line":12,"column":2}},"1":{"start":{"line":17,"column":0},"end":{"line":17,"column":18}}},"fnMap":{},"branchMap":{},"s":{"0":0,"1":0},"f":{},"b":{}}
,"/Users/amit.sharma/Documents/untitled folder/front_version1.1/src/reportWebVitals.js": {"path":"/Users/amit.sharma/Documents/untitled folder/front_version1.1/src/reportWebVitals.js","statementMap":{"0":{"start":{"line":1,"column":24},"end":{"line":11,"column":1}},"1":{"start":{"line":2,"column":2},"end":{"line":10,"column":3}},"2":{"start":{"line":3,"column":4},"end":{"line":9,"column":7}},"3":{"start":{"line":4,"column":6},"end":{"line":4,"column":26}},"4":{"start":{"line":5,"column":6},"end":{"line":5,"column":26}},"5":{"start":{"line":6,"column":6},"end":{"line":6,"column":26}},"6":{"start":{"line":7,"column":6},"end":{"line":7,"column":26}},"7":{"start":{"line":8,"column":6},"end":{"line":8,"column":27}}},"fnMap":{"0":{"name":"(anonymous_0)","decl":{"start":{"line":1,"column":24},"end":{"line":1,"column":25}},"loc":{"start":{"line":1,"column":39},"end":{"line":11,"column":1}},"line":1},"1":{"name":"(anonymous_1)","decl":{"start":{"line":3,"column":30},"end":{"line":3,"column":31}},"loc":{"start":{"line":3,"column":79},"end":{"line":9,"column":5}},"line":3}},"branchMap":{"0":{"loc":{"start":{"line":2,"column":2},"end":{"line":10,"column":3}},"type":"if","locations":[{"start":{"line":2,"column":2},"end":{"line":10,"column":3}},{"start":{"line":2,"column":2},"end":{"line":10,"column":3}}],"line":2},"1":{"loc":{"start":{"line":2,"column":6},"end":{"line":2,"column":52}},"type":"binary-expr","locations":[{"start":{"line":2,"column":6},"end":{"line":2,"column":17}},{"start":{"line":2,"column":21},"end":{"line":2,"column":52}}],"line":2}},"s":{"0":0,"1":0,"2":0,"3":0,"4":0,"5":0,"6":0,"7":0},"f":{"0":0,"1":0},"b":{"0":[0,0],"1":[0,0]}}
,"/Users/amit.sharma/Documents/untitled folder/front_version1.1/src/common/Address.js": {"path":"/Users/amit.sharma/Documents/untitled folder/front_version1.1/src/common/Address.js","statementMap":{"0":{"start":{"line":4,"column":16},"end":{"line":63,"column":1}},"1":{"start":{"line":5,"column":30},"end":{"line":11,"column":4}},"2":{"start":{"line":13,"column":2},"end":{"line":62,"column":4}}},"fnMap":{"0":{"name":"(anonymous_0)","decl":{"start":{"line":4,"column":16},"end":{"line":4,"column":17}},"loc":{"start":{"line":4,"column":27},"end":{"line":63,"column":1}},"line":4}},"branchMap":{},"s":{"0":2,"1":12,"2":12},"f":{"0":12},"b":{},"_coverageSchema":"1a1c01bbd47fc00a2c39e90264f33305004495a9","hash":"7a0a733e6c153be8b66e7fb0e33b3a1d28380751"}
,"/Users/amit.sharma/Documents/untitled folder/front_version1.1/src/common/Error.js": {"path":"/Users/amit.sharma/Documents/untitled folder/front_version1.1/src/common/Error.js","statementMap":{"0":{"start":{"line":1,"column":21},"end":{"line":10,"column":3}},"1":{"start":{"line":2,"column":4},"end":{"line":9,"column":10}}},"fnMap":{"0":{"name":"(anonymous_0)","decl":{"start":{"line":1,"column":21},"end":{"line":1,"column":22}},"loc":{"start":{"line":2,"column":4},"end":{"line":9,"column":10}},"line":2}},"branchMap":{"0":{"loc":{"start":{"line":4,"column":24},"end":{"line":4,"column":52}},"type":"cond-expr","locations":[{"start":{"line":4,"column":41},"end":{"line":4,"column":43}},{"start":{"line":4,"column":46},"end":{"line":4,"column":52}}],"line":4}},"s":{"0":3,"1":7},"f":{"0":7},"b":{"0":[1,6]},"_coverageSchema":"1a1c01bbd47fc00a2c39e90264f33305004495a9","hash":"8972824dd9dd2dfd41aa49539df9913dc37a41e4"}
,"/Users/amit.sharma/Documents/untitled folder/front_version1.1/src/common/FormHeader.js": {"path":"/Users/amit.sharma/Documents/untitled folder/front_version1.1/src/common/FormHeader.js","statementMap":{"0":{"start":{"line":3,"column":19},"end":{"line":13,"column":1}},"1":{"start":{"line":4,"column":2},"end":{"line":12,"column":4}}},"fnMap":{"0":{"name":"(anonymous_0)","decl":{"start":{"line":3,"column":19},"end":{"line":3,"column":20}},"loc":{"start":{"line":3,"column":30},"end":{"line":13,"column":1}},"line":3}},"branchMap":{},"s":{"0":3,"1":16},"f":{"0":16},"b":{},"_coverageSchema":"1a1c01bbd47fc00a2c39e90264f33305004495a9","hash":"00385a5ef9022b500cbae5e8bc6144c35377df62"}
,"/Users/amit.sharma/Documents/untitled folder/front_version1.1/src/common/Input.js": {"path":"/Users/amit.sharma/Documents/untitled folder/front_version1.1/src/common/Input.js","statementMap":{"0":{"start":{"line":1,"column":12},"end":{"line":16,"column":1}},"1":{"start":{"line":4,"column":4},"end":{"line":15,"column":5}}},"fnMap":{"0":{"name":"(anonymous_0)","decl":{"start":{"line":1,"column":12},"end":{"line":1,"column":13}},"loc":{"start":{"line":1,"column":21},"end":{"line":16,"column":1}},"line":1}},"branchMap":{"0":{"loc":{"start":{"line":6,"column":20},"end":{"line":6,"column":78}},"type":"cond-expr","locations":[{"start":{"line":6,"column":48},"end":{"line":6,"column":65}},{"start":{"line":6,"column":67},"end":{"line":6,"column":78}}],"line":6}},"s":{"0":3,"1":110},"f":{"0":110},"b":{"0":[68,42]},"_coverageSchema":"1a1c01bbd47fc00a2c39e90264f33305004495a9","hash":"4d4ac5b8cd3dd2487c99d32ae7041029d5c1b3c3"}
,"/Users/amit.sharma/Documents/untitled folder/front_version1.1/src/common/VaccinationCenter.js": {"path":"/Users/amit.sharma/Documents/untitled folder/front_version1.1/src/common/VaccinationCenter.js","statementMap":{"0":{"start":{"line":1,"column":26},"end":{"line":3,"column":1}},"1":{"start":{"line":2,"column":2},"end":{"line":2,"column":49}}},"fnMap":{"0":{"name":"(anonymous_0)","decl":{"start":{"line":1,"column":26},"end":{"line":1,"column":27}},"loc":{"start":{"line":1,"column":37},"end":{"line":3,"column":1}},"line":1}},"branchMap":{},"s":{"0":4,"1":6},"f":{"0":6},"b":{},"_coverageSchema":"1a1c01bbd47fc00a2c39e90264f33305004495a9","hash":"08981ab96dfa0a6bdd4e9e06b0b73964dda72f4c"}
,"/Users/amit.sharma/Documents/untitled folder/front_version1.1/src/common/redirectUser.js": {"path":"/Users/amit.sharma/Documents/untitled folder/front_version1.1/src/common/redirectUser.js","statementMap":{"0":{"start":{"line":3,"column":28},"end":{"line":10,"column":3}},"1":{"start":{"line":4,"column":4},"end":{"line":9,"column":7}},"2":{"start":{"line":5,"column":6},"end":{"line":9,"column":7}},"3":{"start":{"line":6,"column":8},"end":{"line":6,"column":60}},"4":{"start":{"line":8,"column":8},"end":{"line":8,"column":67}}},"fnMap":{"0":{"name":"(anonymous_0)","decl":{"start":{"line":3,"column":28},"end":{"line":3,"column":29}},"loc":{"start":{"line":3,"column":54},"end":{"line":10,"column":3}},"line":3}},"branchMap":{"0":{"loc":{"start":{"line":4,"column":4},"end":{"line":9,"column":7}},"type":"if","locations":[{"start":{"line":4,"column":4},"end":{"line":9,"column":7}},{"start":{"line":4,"column":4},"end":{"line":9,"column":7}}],"line":4},"1":{"loc":{"start":{"line":5,"column":6},"end":{"line":9,"column":7}},"type":"if","locations":[{"start":{"line":5,"column":6},"end":{"line":9,"column":7}},{"start":{"line":5,"column":6},"end":{"line":9,"column":7}}],"line":5}},"s":{"0":2,"1":4,"2":0,"3":0,"4":0},"f":{"0":4},"b":{"0":[0,4],"1":[0,0]},"_coverageSchema":"1a1c01bbd47fc00a2c39e90264f33305004495a9","hash":"df5ad17d6fc2eb6ce02d294da3ef0a6d3d46f530"}
,"/Users/amit.sharma/Documents/untitled folder/front_version1.1/src/components/Home.js": {"path":"/Users/amit.sharma/Documents/untitled folder/front_version1.1/src/components/Home.js","statementMap":{"0":{"start":{"line":9,"column":21},"end":{"line":14,"column":1}},"1":{"start":{"line":16,"column":13},"end":{"line":84,"column":1}},"2":{"start":{"line":17,"column":34},"end":{"line":17,"column":56}},"3":{"start":{"line":19,"column":2},"end":{"line":69,"column":9}},"4":{"start":{"line":28,"column":4},"end":{"line":68,"column":9}},"5":{"start":{"line":30,"column":8},"end":{"line":30,"column":31}},"6":{"start":{"line":33,"column":8},"end":{"line":67,"column":9}},"7":{"start":{"line":34,"column":10},"end":{"line":39,"column":13}},"8":{"start":{"line":40,"column":15},"end":{"line":67,"column":9}},"9":{"start":{"line":41,"column":10},"end":{"line":46,"column":13}},"10":{"start":{"line":48,"column":23},"end":{"line":48,"column":52}},"11":{"start":{"line":49,"column":22},"end":{"line":49,"column":37}},"12":{"start":{"line":50,"column":24},"end":{"line":50,"column":30}},"13":{"start":{"line":51,"column":20},"end":{"line":51,"column":26}},"14":{"start":{"line":52,"column":25},"end":{"line":52,"column":31}},"15":{"start":{"line":53,"column":10},"end":{"line":53,"column":44}},"16":{"start":{"line":54,"column":10},"end":{"line":54,"column":38}},"17":{"start":{"line":55,"column":23},"end":{"line":55,"column":53}},"18":{"start":{"line":56,"column":26},"end":{"line":56,"column":43}},"19":{"start":{"line":57,"column":10},"end":{"line":59,"column":11}},"20":{"start":{"line":57,"column":23},"end":{"line":57,"column":24}},"21":{"start":{"line":58,"column":12},"end":{"line":58,"column":66}},"22":{"start":{"line":60,"column":10},"end":{"line":60,"column":30}},"23":{"start":{"line":61,"column":10},"end":{"line":66,"column":13}},"24":{"start":{"line":71,"column":2},"end":{"line":83,"column":4}}},"fnMap":{"0":{"name":"(anonymous_0)","decl":{"start":{"line":16,"column":13},"end":{"line":16,"column":14}},"loc":{"start":{"line":16,"column":19},"end":{"line":84,"column":1}},"line":16},"1":{"name":"(anonymous_1)","decl":{"start":{"line":19,"column":12},"end":{"line":19,"column":13}},"loc":{"start":{"line":19,"column":18},"end":{"line":69,"column":3}},"line":19},"2":{"name":"(anonymous_2)","decl":{"start":{"line":29,"column":12},"end":{"line":29,"column":13}},"loc":{"start":{"line":29,"column":32},"end":{"line":31,"column":7}},"line":29},"3":{"name":"(anonymous_3)","decl":{"start":{"line":32,"column":12},"end":{"line":32,"column":13}},"loc":{"start":{"line":32,"column":36},"end":{"line":68,"column":7}},"line":32}},"branchMap":{"0":{"loc":{"start":{"line":33,"column":8},"end":{"line":67,"column":9}},"type":"if","locations":[{"start":{"line":33,"column":8},"end":{"line":67,"column":9}},{"start":{"line":33,"column":8},"end":{"line":67,"column":9}}],"line":33},"1":{"loc":{"start":{"line":40,"column":15},"end":{"line":67,"column":9}},"type":"if","locations":[{"start":{"line":40,"column":15},"end":{"line":67,"column":9}},{"start":{"line":40,"column":15},"end":{"line":67,"column":9}}],"line":40},"2":{"loc":{"start":{"line":73,"column":7},"end":{"line":75,"column":7}},"type":"binary-expr","locations":[{"start":{"line":73,"column":7},"end":{"line":73,"column":21}},{"start":{"line":74,"column":8},"end":{"line":74,"column":71}}],"line":73},"3":{"loc":{"start":{"line":76,"column":7},"end":{"line":78,"column":7}},"type":"binary-expr","locations":[{"start":{"line":76,"column":7},"end":{"line":76,"column":22}},{"start":{"line":76,"column":26},"end":{"line":76,"column":40}},{"start":{"line":77,"column":8},"end":{"line":77,"column":72}}],"line":76},"4":{"loc":{"start":{"line":79,"column":7},"end":{"line":81,"column":7}},"type":"binary-expr","locations":[{"start":{"line":79,"column":7},"end":{"line":79,"column":22}},{"start":{"line":79,"column":26},"end":{"line":79,"column":39}},{"start":{"line":80,"column":8},"end":{"line":80,"column":70}}],"line":79}},"s":{"0":2,"1":2,"2":1,"3":1,"4":0,"5":0,"6":0,"7":0,"8":0,"9":0,"10":0,"11":0,"12":0,"13":0,"14":0,"15":0,"16":0,"17":0,"18":0,"19":0,"20":0,"21":0,"22":0,"23":0,"24":1},"f":{"0":1,"1":0,"2":0,"3":0},"b":{"0":[0,0],"1":[0,0],"2":[1,0],"3":[1,1,0],"4":[1,1,1]},"_coverageSchema":"1a1c01bbd47fc00a2c39e90264f33305004495a9","hash":"ca7593c99d2c1482f438993686da9922d5ac9f46"}
,"/Users/amit.sharma/Documents/untitled folder/front_version1.1/src/components/Login.js": {"path":"/Users/amit.sharma/Documents/untitled folder/front_version1.1/src/components/Login.js","statementMap":{"0":{"start":{"line":9,"column":14},"end":{"line":98,"column":1}},"1":{"start":{"line":10,"column":34},"end":{"line":16,"column":4}},"2":{"start":{"line":18,"column":56},"end":{"line":18,"column":64}},"3":{"start":{"line":20,"column":23},"end":{"line":22,"column":3}},"4":{"start":{"line":20,"column":33},"end":{"line":22,"column":3}},"5":{"start":{"line":21,"column":4},"end":{"line":21,"column":71}},"6":{"start":{"line":24,"column":21},"end":{"line":50,"column":3}},"7":{"start":{"line":25,"column":4},"end":{"line":25,"column":23}},"8":{"start":{"line":26,"column":19},"end":{"line":26,"column":44}},"9":{"start":{"line":27,"column":4},"end":{"line":30,"column":5}},"10":{"start":{"line":28,"column":6},"end":{"line":28,"column":75}},"11":{"start":{"line":29,"column":6},"end":{"line":29,"column":13}},"12":{"start":{"line":31,"column":4},"end":{"line":31,"column":47}},"13":{"start":{"line":33,"column":4},"end":{"line":49,"column":9}},"14":{"start":{"line":35,"column":8},"end":{"line":35,"column":37}},"15":{"start":{"line":36,"column":8},"end":{"line":36,"column":33}},"16":{"start":{"line":39,"column":8},"end":{"line":48,"column":9}},"17":{"start":{"line":40,"column":10},"end":{"line":40,"column":45}},"18":{"start":{"line":41,"column":10},"end":{"line":41,"column":73}},"19":{"start":{"line":43,"column":10},"end":{"line":47,"column":13}},"20":{"start":{"line":52,"column":21},"end":{"line":55,"column":3}},"21":{"start":{"line":56,"column":2},"end":{"line":97,"column":4}}},"fnMap":{"0":{"name":"(anonymous_0)","decl":{"start":{"line":9,"column":14},"end":{"line":9,"column":15}},"loc":{"start":{"line":9,"column":20},"end":{"line":98,"column":1}},"line":9},"1":{"name":"(anonymous_1)","decl":{"start":{"line":20,"column":23},"end":{"line":20,"column":24}},"loc":{"start":{"line":20,"column":33},"end":{"line":22,"column":3}},"line":20},"2":{"name":"(anonymous_2)","decl":{"start":{"line":20,"column":33},"end":{"line":20,"column":34}},"loc":{"start":{"line":20,"column":40},"end":{"line":22,"column":3}},"line":20},"3":{"name":"(anonymous_3)","decl":{"start":{"line":24,"column":21},"end":{"line":24,"column":22}},"loc":{"start":{"line":24,"column":28},"end":{"line":50,"column":3}},"line":24},"4":{"name":"(anonymous_4)","decl":{"start":{"line":34,"column":12},"end":{"line":34,"column":13}},"loc":{"start":{"line":34,"column":26},"end":{"line":37,"column":7}},"line":34},"5":{"name":"(anonymous_5)","decl":{"start":{"line":38,"column":12},"end":{"line":38,"column":13}},"loc":{"start":{"line":38,"column":22},"end":{"line":49,"column":7}},"line":38}},"branchMap":{"0":{"loc":{"start":{"line":27,"column":4},"end":{"line":30,"column":5}},"type":"if","locations":[{"start":{"line":27,"column":4},"end":{"line":30,"column":5}},{"start":{"line":27,"column":4},"end":{"line":30,"column":5}}],"line":27},"1":{"loc":{"start":{"line":39,"column":8},"end":{"line":48,"column":9}},"type":"if","locations":[{"start":{"line":39,"column":8},"end":{"line":48,"column":9}},{"start":{"line":39,"column":8},"end":{"line":48,"column":9}}],"line":39}},"s":{"0":2,"1":4,"2":4,"3":4,"4":8,"5":2,"6":4,"7":1,"8":1,"9":1,"10":0,"11":0,"12":1,"13":1,"14":0,"15":0,"16":0,"17":0,"18":0,"19":0,"20":4,"21":4},"f":{"0":4,"1":8,"2":2,"3":1,"4":0,"5":0},"b":{"0":[0,1],"1":[0,0]},"_coverageSchema":"1a1c01bbd47fc00a2c39e90264f33305004495a9","hash":"5901be2065d843f56d149d855c57f475b2099957"}
,"/Users/amit.sharma/Documents/untitled folder/front_version1.1/src/components/Signup.js": {"path":"/Users/amit.sharma/Documents/untitled folder/front_version1.1/src/components/Signup.js","statementMap":{"0":{"start":{"line":9,"column":27},"end":{"line":28,"column":1}},"1":{"start":{"line":30,"column":15},"end":{"line":217,"column":1}},"2":{"start":{"line":31,"column":34},"end":{"line":31,"column":62}},"3":{"start":{"line":33,"column":23},"end":{"line":35,"column":3}},"4":{"start":{"line":33,"column":42},"end":{"line":35,"column":3}},"5":{"start":{"line":34,"column":4},"end":{"line":34,"column":80}},"6":{"start":{"line":37,"column":22},"end":{"line":83,"column":3}},"7":{"start":{"line":38,"column":4},"end":{"line":38,"column":23}},"8":{"start":{"line":39,"column":23},"end":{"line":39,"column":41}},"9":{"start":{"line":40,"column":4},"end":{"line":43,"column":5}},"10":{"start":{"line":41,"column":6},"end":{"line":41,"column":72}},"11":{"start":{"line":42,"column":6},"end":{"line":42,"column":13}},"12":{"start":{"line":45,"column":4},"end":{"line":45,"column":47}},"13":{"start":{"line":48,"column":4},"end":{"line":82,"column":9}},"14":{"start":{"line":51,"column":8},"end":{"line":51,"column":33}},"15":{"start":{"line":52,"column":8},"end":{"line":52,"column":31}},"16":{"start":{"line":55,"column":8},"end":{"line":55,"column":26}},"17":{"start":{"line":57,"column":8},"end":{"line":81,"column":9}},"18":{"start":{"line":58,"column":10},"end":{"line":78,"column":13}},"19":{"start":{"line":80,"column":10},"end":{"line":80,"column":68}},"20":{"start":{"line":85,"column":21},"end":{"line":88,"column":3}},"21":{"start":{"line":90,"column":2},"end":{"line":216,"column":4}}},"fnMap":{"0":{"name":"(anonymous_0)","decl":{"start":{"line":30,"column":15},"end":{"line":30,"column":16}},"loc":{"start":{"line":30,"column":21},"end":{"line":217,"column":1}},"line":30},"1":{"name":"(anonymous_1)","decl":{"start":{"line":33,"column":23},"end":{"line":33,"column":24}},"loc":{"start":{"line":33,"column":42},"end":{"line":35,"column":3}},"line":33},"2":{"name":"(anonymous_2)","decl":{"start":{"line":33,"column":42},"end":{"line":33,"column":43}},"loc":{"start":{"line":33,"column":49},"end":{"line":35,"column":3}},"line":33},"3":{"name":"(anonymous_3)","decl":{"start":{"line":37,"column":22},"end":{"line":37,"column":23}},"loc":{"start":{"line":37,"column":29},"end":{"line":83,"column":3}},"line":37},"4":{"name":"(anonymous_4)","decl":{"start":{"line":49,"column":12},"end":{"line":49,"column":13}},"loc":{"start":{"line":49,"column":26},"end":{"line":53,"column":7}},"line":49},"5":{"name":"(anonymous_5)","decl":{"start":{"line":54,"column":12},"end":{"line":54,"column":13}},"loc":{"start":{"line":54,"column":22},"end":{"line":82,"column":7}},"line":54}},"branchMap":{"0":{"loc":{"start":{"line":40,"column":4},"end":{"line":43,"column":5}},"type":"if","locations":[{"start":{"line":40,"column":4},"end":{"line":43,"column":5}},{"start":{"line":40,"column":4},"end":{"line":43,"column":5}}],"line":40},"1":{"loc":{"start":{"line":57,"column":8},"end":{"line":81,"column":9}},"type":"if","locations":[{"start":{"line":57,"column":8},"end":{"line":81,"column":9}},{"start":{"line":57,"column":8},"end":{"line":81,"column":9}}],"line":57}},"s":{"0":2,"1":2,"2":3,"3":3,"4":78,"5":1,"6":3,"7":1,"8":1,"9":1,"10":1,"11":1,"12":0,"13":0,"14":0,"15":0,"16":0,"17":0,"18":0,"19":0,"20":3,"21":3},"f":{"0":3,"1":78,"2":1,"3":1,"4":0,"5":0},"b":{"0":[1,0],"1":[0,0]},"_coverageSchema":"1a1c01bbd47fc00a2c39e90264f33305004495a9","hash":"0ae84b79e5149f97a07368e9cab4c4c54525d048"}
,"/Users/amit.sharma/Documents/untitled folder/front_version1.1/src/components/homeData.js": {"path":"/Users/amit.sharma/Documents/untitled folder/front_version1.1/src/components/homeData.js","statementMap":{"0":{"start":{"line":3,"column":17},"end":{"line":31,"column":1}},"1":{"start":{"line":4,"column":19},"end":{"line":4,"column":33}},"2":{"start":{"line":5,"column":24},"end":{"line":5,"column":43}},"3":{"start":{"line":7,"column":2},"end":{"line":30,"column":4}},"4":{"start":{"line":26,"column":10},"end":{"line":26,"column":53}}},"fnMap":{"0":{"name":"(anonymous_0)","decl":{"start":{"line":3,"column":17},"end":{"line":3,"column":18}},"loc":{"start":{"line":3,"column":28},"end":{"line":31,"column":1}},"line":3},"1":{"name":"(anonymous_1)","decl":{"start":{"line":25,"column":27},"end":{"line":25,"column":28}},"loc":{"start":{"line":26,"column":10},"end":{"line":26,"column":53}},"line":26}},"branchMap":{},"s":{"0":3,"1":3,"2":3,"3":3,"4":2},"f":{"0":3,"1":2},"b":{},"_coverageSchema":"1a1c01bbd47fc00a2c39e90264f33305004495a9","hash":"1e6726d21d74ffcc2682688cab6a32e5e335cd17"}
,"/Users/amit.sharma/Documents/untitled folder/front_version1.1/src/components/homeError.js": {"path":"/Users/amit.sharma/Documents/untitled folder/front_version1.1/src/components/homeError.js","statementMap":{"0":{"start":{"line":3,"column":18},"end":{"line":28,"column":1}},"1":{"start":{"line":4,"column":19},"end":{"line":4,"column":33}},"2":{"start":{"line":5,"column":24},"end":{"line":5,"column":43}},"3":{"start":{"line":7,"column":2},"end":{"line":27,"column":4}}},"fnMap":{"0":{"name":"(anonymous_0)","decl":{"start":{"line":3,"column":18},"end":{"line":3,"column":19}},"loc":{"start":{"line":3,"column":29},"end":{"line":28,"column":1}},"line":3}},"branchMap":{},"s":{"0":3,"1":1,"2":1,"3":1},"f":{"0":1},"b":{},"_coverageSchema":"1a1c01bbd47fc00a2c39e90264f33305004495a9","hash":"7d2c9ca946acbb361f0cf66bd30b689a762c57b0"}
,"/Users/amit.sharma/Documents/untitled folder/front_version1.1/src/components/homeNoData.js": {"path":"/Users/amit.sharma/Documents/untitled folder/front_version1.1/src/components/homeNoData.js","statementMap":{"0":{"start":{"line":3,"column":19},"end":{"line":29,"column":1}},"1":{"start":{"line":4,"column":19},"end":{"line":4,"column":33}},"2":{"start":{"line":5,"column":24},"end":{"line":5,"column":43}},"3":{"start":{"line":7,"column":2},"end":{"line":28,"column":4}}},"fnMap":{"0":{"name":"(anonymous_0)","decl":{"start":{"line":3,"column":19},"end":{"line":3,"column":20}},"loc":{"start":{"line":3,"column":30},"end":{"line":29,"column":1}},"line":3}},"branchMap":{},"s":{"0":3,"1":1,"2":1,"3":1},"f":{"0":1},"b":{},"_coverageSchema":"1a1c01bbd47fc00a2c39e90264f33305004495a9","hash":"44bf422f85d2dbc7ee3c283a525cb83897a7f324"}
,"/Users/amit.sharma/Documents/untitled folder/front_version1.1/src/services/homeService.js": {"path":"/Users/amit.sharma/Documents/untitled folder/front_version1.1/src/services/homeService.js","statementMap":{"0":{"start":{"line":1,"column":27},"end":{"line":9,"column":1}},"1":{"start":{"line":2,"column":14},"end":{"line":2,"column":57}},"2":{"start":{"line":4,"column":19},"end":{"line":4,"column":54}},"3":{"start":{"line":8,"column":2},"end":{"line":8,"column":24}}},"fnMap":{"0":{"name":"(anonymous_0)","decl":{"start":{"line":1,"column":27},"end":{"line":1,"column":28}},"loc":{"start":{"line":1,"column":39},"end":{"line":9,"column":1}},"line":1}},"branchMap":{},"s":{"0":3,"1":1,"2":1,"3":1},"f":{"0":1},"b":{},"_coverageSchema":"1a1c01bbd47fc00a2c39e90264f33305004495a9","hash":"dd93110b6a49d101212ccbece18fbef58b2bdb5a"}
,"/Users/amit.sharma/Documents/untitled folder/front_version1.1/src/services/loginService.js": {"path":"/Users/amit.sharma/Documents/untitled folder/front_version1.1/src/services/loginService.js","statementMap":{"0":{"start":{"line":1,"column":18},"end":{"line":25,"column":1}},"1":{"start":{"line":3,"column":15},"end":{"line":3,"column":33}},"2":{"start":{"line":5,"column":2},"end":{"line":24,"column":3}},"3":{"start":{"line":6,"column":14},"end":{"line":6,"column":52}},"4":{"start":{"line":7,"column":19},"end":{"line":7,"column":34}},"5":{"start":{"line":8,"column":19},"end":{"line":8,"column":34}},"6":{"start":{"line":10,"column":4},"end":{"line":10,"column":35}},"7":{"start":{"line":12,"column":4},"end":{"line":18,"column":7}},"8":{"start":{"line":23,"column":4},"end":{"line":23,"column":14}},"9":{"start":{"line":27,"column":28},"end":{"line":31,"column":1}},"10":{"start":{"line":28,"column":19},"end":{"line":28,"column":44}},"11":{"start":{"line":30,"column":2},"end":{"line":30,"column":24}}},"fnMap":{"0":{"name":"(anonymous_0)","decl":{"start":{"line":1,"column":18},"end":{"line":1,"column":19}},"loc":{"start":{"line":1,"column":30},"end":{"line":25,"column":1}},"line":1},"1":{"name":"(anonymous_1)","decl":{"start":{"line":27,"column":28},"end":{"line":27,"column":29}},"loc":{"start":{"line":27,"column":48},"end":{"line":31,"column":1}},"line":27}},"branchMap":{},"s":{"0":3,"1":2,"2":2,"3":2,"4":2,"5":2,"6":2,"7":2,"8":0,"9":3,"10":2,"11":1},"f":{"0":2,"1":2},"b":{},"_coverageSchema":"1a1c01bbd47fc00a2c39e90264f33305004495a9","hash":"7177f14e44410b0e926cc4b39dcd73cc7d46a945"}
,"/Users/amit.sharma/Documents/untitled folder/front_version1.1/src/services/logoutService.js": {"path":"/Users/amit.sharma/Documents/untitled folder/front_version1.1/src/services/logoutService.js","statementMap":{"0":{"start":{"line":3,"column":29},"end":{"line":17,"column":1}},"1":{"start":{"line":4,"column":15},"end":{"line":4,"column":47}},"2":{"start":{"line":5,"column":14},"end":{"line":5,"column":44}},"3":{"start":{"line":7,"column":2},"end":{"line":9,"column":5}},"4":{"start":{"line":11,"column":2},"end":{"line":16,"column":5}},"5":{"start":{"line":14,"column":4},"end":{"line":14,"column":26}},"6":{"start":{"line":15,"column":4},"end":{"line":15,"column":38}}},"fnMap":{"0":{"name":"(anonymous_0)","decl":{"start":{"line":3,"column":29},"end":{"line":3,"column":30}},"loc":{"start":{"line":3,"column":35},"end":{"line":17,"column":1}},"line":3},"1":{"name":"(anonymous_1)","decl":{"start":{"line":13,"column":10},"end":{"line":13,"column":11}},"loc":{"start":{"line":13,"column":30},"end":{"line":16,"column":3}},"line":13}},"branchMap":{},"s":{"0":7,"1":0,"2":0,"3":0,"4":0,"5":0,"6":0},"f":{"0":0,"1":0},"b":{},"_coverageSchema":"1a1c01bbd47fc00a2c39e90264f33305004495a9","hash":"06ff352b325be45ef44380bb82c9ff679f2b4059"}
,"/Users/amit.sharma/Documents/untitled folder/front_version1.1/src/services/signupService.js": {"path":"/Users/amit.sharma/Documents/untitled folder/front_version1.1/src/services/signupService.js","statementMap":{"0":{"start":{"line":1,"column":19},"end":{"line":42,"column":1}},"1":{"start":{"line":4,"column":2},"end":{"line":41,"column":3}},"2":{"start":{"line":5,"column":16},"end":{"line":5,"column":57}},"3":{"start":{"line":7,"column":4},"end":{"line":34,"column":7}},"4":{"start":{"line":40,"column":4},"end":{"line":40,"column":14}},"5":{"start":{"line":44,"column":29},"end":{"line":48,"column":1}},"6":{"start":{"line":45,"column":19},"end":{"line":45,"column":45}},"7":{"start":{"line":47,"column":2},"end":{"line":47,"column":24}}},"fnMap":{"0":{"name":"(anonymous_0)","decl":{"start":{"line":1,"column":19},"end":{"line":1,"column":20}},"loc":{"start":{"line":1,"column":31},"end":{"line":42,"column":1}},"line":1},"1":{"name":"(anonymous_1)","decl":{"start":{"line":44,"column":29},"end":{"line":44,"column":30}},"loc":{"start":{"line":44,"column":49},"end":{"line":48,"column":1}},"line":44}},"branchMap":{},"s":{"0":3,"1":1,"2":1,"3":1,"4":0,"5":3,"6":1,"7":1},"f":{"0":1,"1":1},"b":{},"_coverageSchema":"1a1c01bbd47fc00a2c39e90264f33305004495a9","hash":"0eed9181df464d26f772374d08ef1117a2953f55"}
,"/Users/amit.sharma/Documents/untitled folder/front_version1.1/src/utils/validation.js": {"path":"/Users/amit.sharma/Documents/untitled folder/front_version1.1/src/utils/validation.js","statementMap":{"0":{"start":{"line":1,"column":24},"end":{"line":82,"column":1}},"1":{"start":{"line":2,"column":22},"end":{"line":3,"column":56}},"2":{"start":{"line":3,"column":4},"end":{"line":3,"column":56}},"3":{"start":{"line":3,"column":30},"end":{"line":3,"column":55}},"4":{"start":{"line":5,"column":19},"end":{"line":8,"column":5}},"5":{"start":{"line":6,"column":4},"end":{"line":8,"column":5}},"6":{"start":{"line":7,"column":6},"end":{"line":7,"column":73}},"7":{"start":{"line":10,"column":17},"end":{"line":10,"column":19}},"8":{"start":{"line":13,"column":2},"end":{"line":15,"column":3}},"9":{"start":{"line":14,"column":4},"end":{"line":14,"column":54}},"10":{"start":{"line":17,"column":2},"end":{"line":19,"column":3}},"11":{"start":{"line":18,"column":4},"end":{"line":18,"column":50}},"12":{"start":{"line":22,"column":2},"end":{"line":28,"column":3}},"13":{"start":{"line":23,"column":9},"end":{"line":28,"column":3}},"14":{"start":{"line":27,"column":4},"end":{"line":27,"column":52}},"15":{"start":{"line":31,"column":2},"end":{"line":33,"column":3}},"16":{"start":{"line":32,"column":4},"end":{"line":32,"column":74}},"17":{"start":{"line":35,"column":2},"end":{"line":37,"column":3}},"18":{"start":{"line":36,"column":4},"end":{"line":36,"column":72}},"19":{"start":{"line":39,"column":2},"end":{"line":41,"column":3}},"20":{"start":{"line":40,"column":4},"end":{"line":40,"column":73}},"21":{"start":{"line":43,"column":2},"end":{"line":51,"column":3}},"22":{"start":{"line":48,"column":4},"end":{"line":50,"column":6}},"23":{"start":{"line":54,"column":2},"end":{"line":70,"column":3}},"24":{"start":{"line":55,"column":4},"end":{"line":57,"column":5}},"25":{"start":{"line":56,"column":6},"end":{"line":56,"column":72}},"26":{"start":{"line":58,"column":4},"end":{"line":60,"column":5}},"27":{"start":{"line":59,"column":6},"end":{"line":59,"column":73}},"28":{"start":{"line":61,"column":4},"end":{"line":69,"column":5}},"29":{"start":{"line":66,"column":6},"end":{"line":68,"column":8}},"30":{"start":{"line":73,"column":2},"end":{"line":79,"column":3}},"31":{"start":{"line":78,"column":4},"end":{"line":78,"column":73}},"32":{"start":{"line":81,"column":2},"end":{"line":81,"column":18}}},"fnMap":{"0":{"name":"(anonymous_0)","decl":{"start":{"line":1,"column":24},"end":{"line":1,"column":25}},"loc":{"start":{"line":1,"column":36},"end":{"line":82,"column":1}},"line":1},"1":{"name":"(anonymous_1)","decl":{"start":{"line":2,"column":22},"end":{"line":2,"column":23}},"loc":{"start":{"line":3,"column":4},"end":{"line":3,"column":56}},"line":3},"2":{"name":"(anonymous_2)","decl":{"start":{"line":3,"column":22},"end":{"line":3,"column":23}},"loc":{"start":{"line":3,"column":30},"end":{"line":3,"column":55}},"line":3},"3":{"name":"(anonymous_3)","decl":{"start":{"line":5,"column":19},"end":{"line":5,"column":20}},"loc":{"start":{"line":6,"column":4},"end":{"line":8,"column":5}},"line":6},"4":{"name":"(anonymous_4)","decl":{"start":{"line":6,"column":22},"end":{"line":6,"column":23}},"loc":{"start":{"line":7,"column":6},"end":{"line":7,"column":73}},"line":7}},"branchMap":{"0":{"loc":{"start":{"line":13,"column":2},"end":{"line":15,"column":3}},"type":"if","locations":[{"start":{"line":13,"column":2},"end":{"line":15,"column":3}},{"start":{"line":13,"column":2},"end":{"line":15,"column":3}}],"line":13},"1":{"loc":{"start":{"line":13,"column":6},"end":{"line":13,"column":54}},"type":"binary-expr","locations":[{"start":{"line":13,"column":6},"end":{"line":13,"column":26}},{"start":{"line":13,"column":30},"end":{"line":13,"column":54}}],"line":13},"2":{"loc":{"start":{"line":17,"column":2},"end":{"line":19,"column":3}},"type":"if","locations":[{"start":{"line":17,"column":2},"end":{"line":19,"column":3}},{"start":{"line":17,"column":2},"end":{"line":19,"column":3}}],"line":17},"3":{"loc":{"start":{"line":22,"column":2},"end":{"line":28,"column":3}},"type":"if","locations":[{"start":{"line":22,"column":2},"end":{"line":28,"column":3}},{"start":{"line":22,"column":2},"end":{"line":28,"column":3}}],"line":22},"4":{"loc":{"start":{"line":22,"column":6},"end":{"line":22,"column":56}},"type":"binary-expr","locations":[{"start":{"line":22,"column":6},"end":{"line":22,"column":28}},{"start":{"line":22,"column":32},"end":{"line":22,"column":56}}],"line":22},"5":{"loc":{"start":{"line":23,"column":9},"end":{"line":28,"column":3}},"type":"if","locations":[{"start":{"line":23,"column":9},"end":{"line":28,"column":3}},{"start":{"line":23,"column":9},"end":{"line":28,"column":3}}],"line":23},"6":{"loc":{"start":{"line":24,"column":4},"end":{"line":25,"column":63}},"type":"binary-expr","locations":[{"start":{"line":24,"column":4},"end":{"line":24,"column":27}},{"start":{"line":25,"column":5},"end":{"line":25,"column":32}},{"start":{"line":25,"column":36},"end":{"line":25,"column":62}}],"line":24},"7":{"loc":{"start":{"line":31,"column":2},"end":{"line":33,"column":3}},"type":"if","locations":[{"start":{"line":31,"column":2},"end":{"line":33,"column":3}},{"start":{"line":31,"column":2},"end":{"line":33,"column":3}}],"line":31},"8":{"loc":{"start":{"line":31,"column":6},"end":{"line":31,"column":66}},"type":"binary-expr","locations":[{"start":{"line":31,"column":6},"end":{"line":31,"column":32}},{"start":{"line":31,"column":36},"end":{"line":31,"column":66}}],"line":31},"9":{"loc":{"start":{"line":35,"column":2},"end":{"line":37,"column":3}},"type":"if","locations":[{"start":{"line":35,"column":2},"end":{"line":37,"column":3}},{"start":{"line":35,"column":2},"end":{"line":37,"column":3}}],"line":35},"10":{"loc":{"start":{"line":35,"column":6},"end":{"line":35,"column":58}},"type":"binary-expr","locations":[{"start":{"line":35,"column":6},"end":{"line":35,"column":28}},{"start":{"line":35,"column":32},"end":{"line":35,"column":58}}],"line":35},"11":{"loc":{"start":{"line":39,"column":2},"end":{"line":41,"column":3}},"type":"if","locations":[{"start":{"line":39,"column":2},"end":{"line":41,"column":3}},{"start":{"line":39,"column":2},"end":{"line":41,"column":3}}],"line":39},"12":{"loc":{"start":{"line":39,"column":6},"end":{"line":39,"column":60}},"type":"binary-expr","locations":[{"start":{"line":39,"column":6},"end":{"line":39,"column":29}},{"start":{"line":39,"column":33},"end":{"line":39,"column":60}}],"line":39},"13":{"loc":{"start":{"line":43,"column":2},"end":{"line":51,"column":3}},"type":"if","locations":[{"start":{"line":43,"column":2},"end":{"line":51,"column":3}},{"start":{"line":43,"column":2},"end":{"line":51,"column":3}}],"line":43},"14":{"loc":{"start":{"line":44,"column":4},"end":{"line":46,"column":71}},"type":"binary-expr","locations":[{"start":{"line":44,"column":4},"end":{"line":44,"column":29}},{"start":{"line":45,"column":4},"end":{"line":45,"column":33}},{"start":{"line":46,"column":5},"end":{"line":46,"column":36}},{"start":{"line":46,"column":40},"end":{"line":46,"column":70}}],"line":44},"15":{"loc":{"start":{"line":54,"column":2},"end":{"line":70,"column":3}},"type":"if","locations":[{"start":{"line":54,"column":2},"end":{"line":70,"column":3}},{"start":{"line":54,"column":2},"end":{"line":70,"column":3}}],"line":54},"16":{"loc":{"start":{"line":54,"column":6},"end":{"line":54,"column":66}},"type":"binary-expr","locations":[{"start":{"line":54,"column":6},"end":{"line":54,"column":32}},{"start":{"line":54,"column":36},"end":{"line":54,"column":66}}],"line":54},"17":{"loc":{"start":{"line":55,"column":4},"end":{"line":57,"column":5}},"type":"if","locations":[{"start":{"line":55,"column":4},"end":{"line":57,"column":5}},{"start":{"line":55,"column":4},"end":{"line":57,"column":5}}],"line":55},"18":{"loc":{"start":{"line":55,"column":8},"end":{"line":55,"column":60}},"type":"binary-expr","locations":[{"start":{"line":55,"column":8},"end":{"line":55,"column":30}},{"start":{"line":55,"column":34},"end":{"line":55,"column":60}}],"line":55},"19":{"loc":{"start":{"line":58,"column":4},"end":{"line":60,"column":5}},"type":"if","locations":[{"start":{"line":58,"column":4},"end":{"line":60,"column":5}},{"start":{"line":58,"column":4},"end":{"line":60,"column":5}}],"line":58},"20":{"loc":{"start":{"line":58,"column":8},"end":{"line":58,"column":62}},"type":"binary-expr","locations":[{"start":{"line":58,"column":8},"end":{"line":58,"column":31}},{"start":{"line":58,"column":35},"end":{"line":58,"column":62}}],"line":58},"21":{"loc":{"start":{"line":61,"column":4},"end":{"line":69,"column":5}},"type":"if","locations":[{"start":{"line":61,"column":4},"end":{"line":69,"column":5}},{"start":{"line":61,"column":4},"end":{"line":69,"column":5}}],"line":61},"22":{"loc":{"start":{"line":62,"column":6},"end":{"line":64,"column":71}},"type":"binary-expr","locations":[{"start":{"line":62,"column":6},"end":{"line":62,"column":31}},{"start":{"line":63,"column":6},"end":{"line":63,"column":35}},{"start":{"line":64,"column":7},"end":{"line":64,"column":36}},{"start":{"line":64,"column":40},"end":{"line":64,"column":70}}],"line":62},"23":{"loc":{"start":{"line":73,"column":2},"end":{"line":79,"column":3}},"type":"if","locations":[{"start":{"line":73,"column":2},"end":{"line":79,"column":3}},{"start":{"line":73,"column":2},"end":{"line":79,"column":3}}],"line":73},"24":{"loc":{"start":{"line":74,"column":4},"end":{"line":76,"column":78}},"type":"binary-expr","locations":[{"start":{"line":74,"column":4},"end":{"line":74,"column":36}},{"start":{"line":75,"column":4},"end":{"line":75,"column":41}},{"start":{"line":76,"column":5},"end":{"line":76,"column":36}},{"start":{"line":76,"column":40},"end":{"line":76,"column":77}}],"line":74}},"s":{"0":3,"1":9,"2":14,"3":112,"4":9,"5":9,"6":31,"7":9,"8":9,"9":2,"10":9,"11":1,"12":9,"13":8,"14":1,"15":9,"16":2,"17":9,"18":2,"19":9,"20":2,"21":9,"22":3,"23":9,"24":2,"25":1,"26":2,"27":1,"28":2,"29":1,"30":9,"31":2,"32":9},"f":{"0":9,"1":14,"2":112,"3":9,"4":31},"b":{"0":[2,7],"1":[9,9],"2":[1,8],"3":[1,8],"4":[9,8],"5":[1,7],"6":[8,8,8],"7":[2,7],"8":[9,9],"9":[2,7],"10":[9,9],"11":[2,7],"12":[9,9],"13":[3,6],"14":[9,9,6,6],"15":[2,7],"16":[9,9],"17":[1,1],"18":[2,2],"19":[1,1],"20":[2,2],"21":[1,1],"22":[2,2,1,1],"23":[2,7],"24":[9,9,7,7]},"_coverageSchema":"1a1c01bbd47fc00a2c39e90264f33305004495a9","hash":"2148ef4c3f0b91d65bc1bef716cf1fbc2488af89"}
,"/Users/amit.sharma/Documents/untitled folder/front_version1.1/src/utils/validationLogin.js": {"path":"/Users/amit.sharma/Documents/untitled folder/front_version1.1/src/utils/validationLogin.js","statementMap":{"0":{"start":{"line":1,"column":31},"end":{"line":19,"column":1}},"1":{"start":{"line":2,"column":17},"end":{"line":2,"column":19}},"2":{"start":{"line":3,"column":2},"end":{"line":3,"column":22}},"3":{"start":{"line":4,"column":2},"end":{"line":6,"column":3}},"4":{"start":{"line":5,"column":4},"end":{"line":5,"column":53}},"5":{"start":{"line":7,"column":2},"end":{"line":15,"column":3}},"6":{"start":{"line":8,"column":4},"end":{"line":8,"column":53}},"7":{"start":{"line":9,"column":4},"end":{"line":9,"column":25}},"8":{"start":{"line":10,"column":9},"end":{"line":15,"column":3}},"9":{"start":{"line":14,"column":4},"end":{"line":14,"column":61}},"10":{"start":{"line":16,"column":2},"end":{"line":16,"column":24}},"11":{"start":{"line":18,"column":2},"end":{"line":18,"column":18}}},"fnMap":{"0":{"name":"(anonymous_0)","decl":{"start":{"line":1,"column":31},"end":{"line":1,"column":32}},"loc":{"start":{"line":1,"column":43},"end":{"line":19,"column":1}},"line":1}},"branchMap":{"0":{"loc":{"start":{"line":4,"column":2},"end":{"line":6,"column":3}},"type":"if","locations":[{"start":{"line":4,"column":2},"end":{"line":6,"column":3}},{"start":{"line":4,"column":2},"end":{"line":6,"column":3}}],"line":4},"1":{"loc":{"start":{"line":4,"column":6},"end":{"line":4,"column":56}},"type":"binary-expr","locations":[{"start":{"line":4,"column":6},"end":{"line":4,"column":28}},{"start":{"line":4,"column":32},"end":{"line":4,"column":56}}],"line":4},"2":{"loc":{"start":{"line":7,"column":2},"end":{"line":15,"column":3}},"type":"if","locations":[{"start":{"line":7,"column":2},"end":{"line":15,"column":3}},{"start":{"line":7,"column":2},"end":{"line":15,"column":3}}],"line":7},"3":{"loc":{"start":{"line":7,"column":6},"end":{"line":7,"column":56}},"type":"binary-expr","locations":[{"start":{"line":7,"column":6},"end":{"line":7,"column":28}},{"start":{"line":7,"column":32},"end":{"line":7,"column":56}}],"line":7},"4":{"loc":{"start":{"line":10,"column":9},"end":{"line":15,"column":3}},"type":"if","locations":[{"start":{"line":10,"column":9},"end":{"line":15,"column":3}},{"start":{"line":10,"column":9},"end":{"line":15,"column":3}}],"line":10},"5":{"loc":{"start":{"line":11,"column":4},"end":{"line":12,"column":63}},"type":"binary-expr","locations":[{"start":{"line":11,"column":4},"end":{"line":11,"column":27}},{"start":{"line":12,"column":5},"end":{"line":12,"column":32}},{"start":{"line":12,"column":36},"end":{"line":12,"column":62}}],"line":11}},"s":{"0":3,"1":6,"2":6,"3":6,"4":1,"5":6,"6":2,"7":2,"8":4,"9":1,"10":6,"11":6},"f":{"0":6},"b":{"0":[1,5],"1":[6,5],"2":[2,4],"3":[6,4],"4":[1,3],"5":[4,4,4]},"_coverageSchema":"1a1c01bbd47fc00a2c39e90264f33305004495a9","hash":"24ec88d82cb797907d63e73d220b9b0894339bdf"}
}
