TN:
SF:src/App.js
FN:8,App
FNF:1
FNH:1
FNDA:1,App
DA:9,1
LF:1
LH:1
BRF:0
BRH:0
end_of_record
TN:
SF:src/index.js
FNF:0
FNH:0
DA:7,0
DA:17,0
LF:2
LH:0
BRF:0
BRH:0
end_of_record
TN:
SF:src/reportWebVitals.js
FN:1,(anonymous_0)
FN:3,(anonymous_1)
FNF:2
FNH:0
FNDA:0,(anonymous_0)
FNDA:0,(anonymous_1)
DA:1,0
DA:2,0
DA:3,0
DA:4,0
DA:5,0
DA:6,0
DA:7,0
DA:8,0
LF:8
LH:0
BRDA:2,0,0,0
BRDA:2,0,1,0
BRDA:2,1,0,0
BRDA:2,1,1,0
BRF:4
BRH:0
end_of_record
TN:
SF:src/common/Address.js
FN:4,(anonymous_0)
FNF:1
FNH:1
FNDA:12,(anonymous_0)
DA:4,2
DA:5,12
DA:13,12
LF:3
LH:3
BRF:0
BRH:0
end_of_record
TN:
SF:src/common/Error.js
FN:1,(anonymous_0)
FNF:1
FNH:1
FNDA:7,(anonymous_0)
DA:1,3
DA:2,7
LF:2
LH:2
BRDA:4,0,0,1
BRDA:4,0,1,6
BRF:2
BRH:2
end_of_record
TN:
SF:src/common/FormHeader.js
FN:3,(anonymous_0)
FNF:1
FNH:1
FNDA:16,(anonymous_0)
DA:3,3
DA:4,16
LF:2
LH:2
BRF:0
BRH:0
end_of_record
TN:
SF:src/common/Input.js
FN:1,(anonymous_0)
FNF:1
FNH:1
FNDA:110,(anonymous_0)
DA:1,3
DA:4,110
LF:2
LH:2
BRDA:6,0,0,68
BRDA:6,0,1,42
BRF:2
BRH:2
end_of_record
TN:
SF:src/common/VaccinationCenter.js
FN:1,(anonymous_0)
FNF:1
FNH:1
FNDA:6,(anonymous_0)
DA:1,4
DA:2,6
LF:2
LH:2
BRF:0
BRH:0
end_of_record
TN:
SF:src/common/redirectUser.js
FN:3,(anonymous_0)
FNF:1
FNH:1
FNDA:4,(anonymous_0)
DA:3,2
DA:4,4
DA:5,0
DA:6,0
DA:8,0
LF:5
LH:2
BRDA:4,0,0,0
BRDA:4,0,1,4
BRDA:5,1,0,0
BRDA:5,1,1,0
BRF:4
BRH:1
end_of_record
TN:
SF:src/components/Home.js
FN:16,(anonymous_0)
FN:19,(anonymous_1)
FN:29,(anonymous_2)
FN:32,(anonymous_3)
FNF:4
FNH:1
FNDA:1,(anonymous_0)
FNDA:0,(anonymous_1)
FNDA:0,(anonymous_2)
FNDA:0,(anonymous_3)
DA:9,2
DA:16,2
DA:17,1
DA:19,1
DA:28,0
DA:30,0
DA:33,0
DA:34,0
DA:40,0
DA:41,0
DA:48,0
DA:49,0
DA:50,0
DA:51,0
DA:52,0
DA:53,0
DA:54,0
DA:55,0
DA:56,0
DA:57,0
DA:58,0
DA:60,0
DA:61,0
DA:71,1
LF:24
LH:5
BRDA:33,0,0,0
BRDA:33,0,1,0
BRDA:40,1,0,0
BRDA:40,1,1,0
BRDA:73,2,0,1
BRDA:73,2,1,0
BRDA:76,3,0,1
BRDA:76,3,1,1
BRDA:76,3,2,0
BRDA:79,4,0,1
BRDA:79,4,1,1
BRDA:79,4,2,1
BRF:12
BRH:6
end_of_record
TN:
SF:src/components/Login.js
FN:9,(anonymous_0)
FN:20,(anonymous_1)
FN:20,(anonymous_2)
FN:24,(anonymous_3)
FN:34,(anonymous_4)
FN:38,(anonymous_5)
FNF:6
FNH:4
FNDA:4,(anonymous_0)
FNDA:8,(anonymous_1)
FNDA:2,(anonymous_2)
FNDA:1,(anonymous_3)
FNDA:0,(anonymous_4)
FNDA:0,(anonymous_5)
DA:9,2
DA:10,4
DA:18,4
DA:20,8
DA:21,2
DA:24,4
DA:25,1
DA:26,1
DA:27,1
DA:28,0
DA:29,0
DA:31,1
DA:33,1
DA:35,0
DA:36,0
DA:39,0
DA:40,0
DA:41,0
DA:43,0
DA:52,4
DA:56,4
LF:21
LH:13
BRDA:27,0,0,0
BRDA:27,0,1,1
BRDA:39,1,0,0
BRDA:39,1,1,0
BRF:4
BRH:1
end_of_record
TN:
SF:src/components/Signup.js
FN:30,(anonymous_0)
FN:33,(anonymous_1)
FN:33,(anonymous_2)
FN:37,(anonymous_3)
FN:49,(anonymous_4)
FN:54,(anonymous_5)
FNF:6
FNH:4
FNDA:3,(anonymous_0)
FNDA:78,(anonymous_1)
FNDA:1,(anonymous_2)
FNDA:1,(anonymous_3)
FNDA:0,(anonymous_4)
FNDA:0,(anonymous_5)
DA:9,2
DA:30,2
DA:31,3
DA:33,78
DA:34,1
DA:37,3
DA:38,1
DA:39,1
DA:40,1
DA:41,1
DA:42,1
DA:45,0
DA:48,0
DA:51,0
DA:52,0
DA:55,0
DA:57,0
DA:58,0
DA:80,0
DA:85,3
DA:90,3
LF:21
LH:13
BRDA:40,0,0,1
BRDA:40,0,1,0
BRDA:57,1,0,0
BRDA:57,1,1,0
BRF:4
BRH:1
end_of_record
TN:
SF:src/components/homeData.js
FN:3,(anonymous_0)
FN:25,(anonymous_1)
FNF:2
FNH:2
FNDA:3,(anonymous_0)
FNDA:2,(anonymous_1)
DA:3,3
DA:4,3
DA:5,3
DA:7,3
DA:26,2
LF:5
LH:5
BRF:0
BRH:0
end_of_record
TN:
SF:src/components/homeError.js
FN:3,(anonymous_0)
FNF:1
FNH:1
FNDA:1,(anonymous_0)
DA:3,3
DA:4,1
DA:5,1
DA:7,1
LF:4
LH:4
BRF:0
BRH:0
end_of_record
TN:
SF:src/components/homeNoData.js
FN:3,(anonymous_0)
FNF:1
FNH:1
FNDA:1,(anonymous_0)
DA:3,3
DA:4,1
DA:5,1
DA:7,1
LF:4
LH:4
BRF:0
BRH:0
end_of_record
TN:
SF:src/services/homeService.js
FN:1,(anonymous_0)
FNF:1
FNH:1
FNDA:1,(anonymous_0)
DA:1,3
DA:2,1
DA:4,1
DA:8,1
LF:4
LH:4
BRF:0
BRH:0
end_of_record
TN:
SF:src/services/loginService.js
FN:1,(anonymous_0)
FN:27,(anonymous_1)
FNF:2
FNH:2
FNDA:2,(anonymous_0)
FNDA:2,(anonymous_1)
DA:1,3
DA:3,2
DA:5,2
DA:6,2
DA:7,2
DA:8,2
DA:10,2
DA:12,2
DA:23,0
DA:27,3
DA:28,2
DA:30,1
LF:12
LH:11
BRF:0
BRH:0
end_of_record
TN:
SF:src/services/logoutService.js
FN:3,(anonymous_0)
FN:13,(anonymous_1)
FNF:2
FNH:0
FNDA:0,(anonymous_0)
FNDA:0,(anonymous_1)
DA:3,7
DA:4,0
DA:5,0
DA:7,0
DA:11,0
DA:14,0
DA:15,0
LF:7
LH:1
BRF:0
BRH:0
end_of_record
TN:
SF:src/services/signupService.js
FN:1,(anonymous_0)
FN:44,(anonymous_1)
FNF:2
FNH:2
FNDA:1,(anonymous_0)
FNDA:1,(anonymous_1)
DA:1,3
DA:4,1
DA:5,1
DA:7,1
DA:40,0
DA:44,3
DA:45,1
DA:47,1
LF:8
LH:7
BRF:0
BRH:0
end_of_record
TN:
SF:src/utils/validation.js
FN:1,(anonymous_0)
FN:2,(anonymous_1)
FN:3,(anonymous_2)
FN:5,(anonymous_3)
FN:6,(anonymous_4)
FNF:5
FNH:5
FNDA:9,(anonymous_0)
FNDA:14,(anonymous_1)
FNDA:112,(anonymous_2)
FNDA:9,(anonymous_3)
FNDA:31,(anonymous_4)
DA:1,3
DA:2,9
DA:3,112
DA:5,9
DA:6,9
DA:7,31
DA:10,9
DA:13,9
DA:14,2
DA:17,9
DA:18,1
DA:22,9
DA:23,8
DA:27,1
DA:31,9
DA:32,2
DA:35,9
DA:36,2
DA:39,9
DA:40,2
DA:43,9
DA:48,3
DA:54,9
DA:55,2
DA:56,1
DA:58,2
DA:59,1
DA:61,2
DA:66,1
DA:73,9
DA:78,2
DA:81,9
LF:32
LH:32
BRDA:13,0,0,2
BRDA:13,0,1,7
BRDA:13,1,0,9
BRDA:13,1,1,9
BRDA:17,2,0,1
BRDA:17,2,1,8
BRDA:22,3,0,1
BRDA:22,3,1,8
BRDA:22,4,0,9
BRDA:22,4,1,8
BRDA:23,5,0,1
BRDA:23,5,1,7
BRDA:24,6,0,8
BRDA:24,6,1,8
BRDA:24,6,2,8
BRDA:31,7,0,2
BRDA:31,7,1,7
BRDA:31,8,0,9
BRDA:31,8,1,9
BRDA:35,9,0,2
BRDA:35,9,1,7
BRDA:35,10,0,9
BRDA:35,10,1,9
BRDA:39,11,0,2
BRDA:39,11,1,7
BRDA:39,12,0,9
BRDA:39,12,1,9
BRDA:43,13,0,3
BRDA:43,13,1,6
BRDA:44,14,0,9
BRDA:44,14,1,9
BRDA:44,14,2,6
BRDA:44,14,3,6
BRDA:54,15,0,2
BRDA:54,15,1,7
BRDA:54,16,0,9
BRDA:54,16,1,9
BRDA:55,17,0,1
BRDA:55,17,1,1
BRDA:55,18,0,2
BRDA:55,18,1,2
BRDA:58,19,0,1
BRDA:58,19,1,1
BRDA:58,20,0,2
BRDA:58,20,1,2
BRDA:61,21,0,1
BRDA:61,21,1,1
BRDA:62,22,0,2
BRDA:62,22,1,2
BRDA:62,22,2,1
BRDA:62,22,3,1
BRDA:73,23,0,2
BRDA:73,23,1,7
BRDA:74,24,0,9
BRDA:74,24,1,9
BRDA:74,24,2,7
BRDA:74,24,3,7
BRF:57
BRH:57
end_of_record
TN:
SF:src/utils/validationLogin.js
FN:1,(anonymous_0)
FNF:1
FNH:1
FNDA:6,(anonymous_0)
DA:1,3
DA:2,6
DA:3,6
DA:4,6
DA:5,1
DA:7,6
DA:8,2
DA:9,2
DA:10,4
DA:14,1
DA:16,6
DA:18,6
LF:12
LH:12
BRDA:4,0,0,1
BRDA:4,0,1,5
BRDA:4,1,0,6
BRDA:4,1,1,5
BRDA:7,2,0,2
BRDA:7,2,1,4
BRDA:7,3,0,6
BRDA:7,3,1,4
BRDA:10,4,0,1
BRDA:10,4,1,3
BRDA:11,5,0,4
BRDA:11,5,1,4
BRDA:11,5,2,4
BRF:13
BRH:13
end_of_record
